<?xml version="1.0" encoding="UTF-8"?>
<!-- Generated by org.testng.reporters.JUnitReportReporter -->
<testsuite hostname="salman-PC" failures="0" tests="1" name="Testcases.TC_LoginTest_001" time="15.226" errors="0" timestamp="2020-12-02T16:05:34 IST" skipped="0">
  <testcase classname="Testcases.TC_LoginTest_001" name="loginTest" time="15.226"/>
  <system-out/>
</testsuite> <!-- Testcases.TC_LoginTest_001 -->
